{"level":"info","message":"test message","service":"test service","timestamp":"2026-05-04T08:27:43.743Z"}
{"level":"info","message":"test message","service":"test service","timestamp":"2026-05-04T08:31:46.719Z"}
{"level":"info","message":"test message","service":"test service","timestamp":"2026-05-04T08:33:31.729Z"}
{"level":"info","message":"test message","service":"test service","timestamp":"2026-05-04T08:37:46.896Z"}
{"level":"info","message":"test message","service":"test service","timestamp":"2026-05-04T08:38:03.874Z"}
{"level":"info","message":"test message","service":"test service","timestamp":"2026-05-04T08:38:15.312Z"}
{"level":"info","message":"test message","service":"test service","timestamp":"2026-05-04T08:38:32.363Z"}
{"level":"info","message":"test message","service":"test service","timestamp":"2026-05-04T08:39:39.409Z"}
{"level":"info","message":"test message","service":"test service","timestamp":"2026-05-04T08:39:54.033Z"}
{"level":"info","message":"test message","service":"test service","timestamp":"2026-05-04T08:40:00.934Z"}
{"level":"info","message":"info test info message","service":"test service","timestamp":"2026-05-04T08:43:10.547Z"}
{"level":"error","message":"error test error message","service":"test service","timestamp":"2026-05-04T08:43:10.681Z"}
{"level":"warn","message":"warn test warning message","service":"test service","timestamp":"2026-05-04T08:43:10.686Z"}
{"level":"info","message":"info test info message","service":"test service","timestamp":"2026-05-04T08:43:46.758Z"}
{"level":"error","message":"error test error message","service":"test service","timestamp":"2026-05-04T08:43:46.845Z"}
{"level":"warn","message":"warn test warning message","service":"test service","timestamp":"2026-05-04T08:43:46.847Z"}
{"level":"info","message":"info test info message","service":"test service","timestamp":"2026-05-04T08:44:58.531Z"}
{"level":"error","message":"error test error message","service":"test service","timestamp":"2026-05-04T08:44:58.554Z"}
{"level":"warn","message":"warn test warning message","service":"test service","timestamp":"2026-05-04T08:44:58.557Z"}
{"level":"info","message":"info test info message","service":"test service","timestamp":"2026-05-04T08:46:28.751Z"}
{"level":"error","message":"error test error message","service":"test service","timestamp":"2026-05-04T08:46:28.775Z"}
{"level":"warn","message":"warn test warning message","service":"test service","timestamp":"2026-05-04T08:46:28.778Z"}
{"level":"info","message":"info test info message","service":"test service","timestamp":"2026-05-04T08:55:57.763Z"}
{"level":"error","message":"error test error message","service":"test service","timestamp":"2026-05-04T08:55:57.795Z"}
{"level":"warn","message":"warn test warning message","service":"test service","timestamp":"2026-05-04T08:55:57.798Z"}
{"level":"info","message":"info test info message","service":"test service","timestamp":"2026-05-04T09:00:08.249Z"}
{"level":"error","message":"error test error message","service":"test service","timestamp":"2026-05-04T09:00:08.289Z"}
{"level":"warn","message":"warn test warning message","service":"test service","timestamp":"2026-05-04T09:00:08.292Z"}
{"level":"info","message":"info API Response: {\"userId\":1,\"id\":1,\"title\":\"delectus aut autem\",\"completed\":false}","service":"http-client-test","timestamp":"2026-05-04T09:06:34.227Z"}
{"level":"info","message":"info API Response: {\"userId\":1,\"id\":1,\"title\":\"delectus aut autem\",\"completed\":false}","service":"http-client-test","timestamp":"2026-05-04T09:06:54.149Z"}
{"level":"info","message":"info test info message","service":"test service","timestamp":"2026-05-04T09:09:53.648Z"}
{"level":"error","message":"error test error message","service":"test service","timestamp":"2026-05-04T09:09:53.657Z"}
{"level":"warn","message":"warn test warning message","service":"test service","timestamp":"2026-05-04T09:09:53.660Z"}
